<?xml version='1.0' encoding='UTF-8'?>
<testsuite hostname="LAPTOP-R7GUU0D9" name="DataNodeTest" tests="8" errors="0" failures="0" skipped="0" time="9.534" timestamp="2020-06-15T18:05:26">
                     <properties>
[...]
</properties>
                     <testcase classname="DataNodeTest" name="DataNode.insert" time="2.871">
                                                 
                                               </testcase><testcase classname="DataNodeTest" name="DataNode.insertMany" time="1.392">
                                                 
                                               </testcase><testcase classname="DataNodeTest" name="DataNode.updateOne" time="1.089">
                                                 
                                               </testcase><testcase classname="DataNodeTest" name="DataNode.updateMany" time="1.061">
                                                 
                                               </testcase><testcase classname="DataNodeTest" name="DataNode.MaxSort" time="0.747">
                                                 
                                               </testcase><testcase classname="DataNodeTest" name="DataNode.MinSort" time="0.744">
                                                 
                                               </testcase><testcase classname="DataNodeTest" name="DataNode.DeleteOne" time="0.835">
                                                 
                                               </testcase><testcase classname="DataNodeTest" name="DataNode.DeleteMany" time="0.795">
                                                 
                                               </testcase>
                     <system-out><![CDATA[]]></system-out>
                     <system-err><![CDATA[]]></system-err>
                   </testsuite>