[0m[[0m[0mdebug[0m] [0m[0mRunning TaskDef(BuildingTest, org.scalatest.tools.Framework$$anon$1@40cdecf0, false, [SuiteSelector])[0m
[0m[[0m[0mdebug[0m] [0m[0mRunning TaskDef(DataNodeTest, org.scalatest.tools.Framework$$anon$1@40cdecf0, false, [SuiteSelector])[0m
[0m[[0m[0mdebug[0m] [0m[0mRunning TaskDef(RouteResultTest, org.scalatest.tools.Framework$$anon$1@40cdecf0, false, [SuiteSelector])[0m
[0m[[0m[0mdebug[0m] [0m[0mRunning TaskDef(DataEdgeTest, org.scalatest.tools.Framework$$anon$1@40cdecf0, false, [SuiteSelector])[0m
[0m[[0m[0minfo[0m] [0m[0m[36mRun completed in 12 seconds, 780 milliseconds.[0m[0m
[0m[[0m[0minfo[0m] [0m[0m[36mTotal number of tests run: 34[0m[0m
[0m[[0m[0minfo[0m] [0m[0m[36mSuites: completed 4, aborted 0[0m[0m
[0m[[0m[0minfo[0m] [0m[0m[36mTests: succeeded 33, failed 1, canceled 0, ignored 0, pending 0[0m[0m
[0m[[0m[0minfo[0m] [0m[0m[31m*** 1 TEST FAILED ***[0m[0m
[0m[[0m[0mdebug[0m] [0m[0mPassed tests:[0m
[0m[[0m[0mdebug[0m] [0m[0m	RouteResultTest[0m
[0m[[0m[0mdebug[0m] [0m[0m	DataEdgeTest[0m
[0m[[0m[0mdebug[0m] [0m[0m	DataNodeTest[0m
[0m[[0m[31merror[0m] [0m[0mFailed tests:[0m
[0m[[0m[31merror[0m] [0m[0m	BuildingTest[0m
[0m[[0m[31merror[0m] [0m[0m(Test / [31mtest[0m) sbt.TestsFailedException: Tests unsuccessful[0m
